<?xml version="1.0" encoding="UTF-8" ?>
<testsuite tests="4" failures="0" name="br.com.softplan.report.application.GeradorObservacaoTest" time="0.021" errors="0" skipped="0">
  <properties>
[...]
</properties>
  <testcase classname="br.com.softplan.report.application.GeradorObservacaoTest" name="deve_gerar_observacao_sem_nota" time="0.006"/>
  <testcase classname="br.com.softplan.report.application.GeradorObservacaoTest" name="deve_gerar_observacao_com_uma_nota" time="0.013"/>
  <testcase classname="br.com.softplan.report.application.GeradorObservacaoTest" name="deve_gerar_observacao_com_duas_notas" time="0"/>
  <testcase classname="br.com.softplan.report.application.GeradorObservacaoTest" name="deve_gerar_observacao_com_diversas_notas" time="0.002"/>
</testsuite>